<?xml version="1.0" encoding="UTF-8"?>
<!-- Generated by org.testng.reporters.JUnitReportReporter -->
<testsuite hostname="RSTPL059-PC" failures="0" tests="1" name="TestNG1.Demo" time="0.022" errors="0" timestamp="2022-07-08T15:57:42 IST" skipped="0">
  <testcase classname="TestNG1.Demo" name="gun" time="0.022"/>
  <system-out>
    <![CDATA[Demo]]>
  </system-out>
</testsuite> <!-- TestNG1.Demo -->
