<?xml version="1.0" encoding="UTF-8"?>
<!-- Generated by org.testng.reporters.JUnitReportReporter -->
<testsuite hostname="RSTPL059-PC" failures="0" tests="2" name="Kohler.priceVerification" time="14.384" errors="0" timestamp="2022-08-04T12:05:55 IST" skipped="1">
  <testcase classname="Kohler.priceVerification" name="verify" time="14.384"/>
  <system-out/>
  <testcase classname="Kohler.priceVerification" name="Price">
    <skipped/>
  </testcase> <!-- Price -->
  <system-out/>
</testsuite> <!-- Kohler.priceVerification -->
