<?xml version="1.0" encoding="UTF-8"?>
<!-- Generated by org.testng.reporters.JUnitReportReporter -->
<testsuite hostname="RSTPL059-PC" failures="0" tests="1" name="Kohler.priceVerification" time="183.657" errors="0" timestamp="2022-08-25T15:56:03 IST" skipped="0">
  <testcase classname="Kohler.priceVerification" name="Price" time="183.657"/>
  <system-out/>
</testsuite> <!-- Kohler.priceVerification -->
