<?xml version="1.0" encoding="UTF-8"?>
<!-- Generated by org.testng.reporters.JUnitReportReporter -->
<testsuite hostname="RSTPL059-PC" failures="0" tests="1" name="Kohler.priceVerification1" time="152.134" errors="0" timestamp="2022-12-08T17:07:23 IST" skipped="0">
  <testcase classname="Kohler.priceVerification1" name="pv" time="152.134"/>
  <system-out/>
</testsuite> <!-- Kohler.priceVerification1 -->
