<?xml version="1.0" encoding="UTF-8"?>
<!-- Generated by org.testng.reporters.JUnitReportReporter -->
<testsuite hostname="RSTPL059-PC" failures="0" tests="3" name="TestNG1.Flags" time="0.011" errors="0" timestamp="2023-04-04T18:16:05 IST" skipped="0">
  <testcase classname="TestNG1.Flags" name="run" time="0.008"/>
  <system-out>
    <![CDATA[Run]]>
  </system-out>
  <testcase classname="TestNG1.Flags" name="bun" time="0.001"/>
  <system-out>
    <![CDATA[Bun]]>
  </system-out>
  <testcase classname="TestNG1.Flags" name="gun" time="0.002"/>
  <system-out>
    <![CDATA[Gun]]>
  </system-out>
</testsuite> <!-- TestNG1.Flags -->
