<?xml version="1.0" encoding="UTF-8"?>
<!-- Generated by org.testng.reporters.JUnitReportReporter -->
<testsuite hostname="RSTPL059-PC" failures="0" tests="1" name="TestNG1.Sumo" time="0.000" errors="0" timestamp="2022-07-08T15:57:42 IST" skipped="0">
  <testcase classname="TestNG1.Sumo" name="gun" time="0.000"/>
  <system-out>
    <![CDATA[Sumo]]>
  </system-out>
</testsuite> <!-- TestNG1.Sumo -->
