<?xml version="1.0" encoding="UTF-8"?>
<!-- Generated by org.testng.reporters.JUnitReportReporter -->
<testsuite hostname="RSTPL059-PC" failures="0" tests="2" name="Kohler.priceVerification" time="12.809" errors="0" timestamp="2022-09-22T18:17:27 IST" skipped="1">
  <testcase classname="Kohler.priceVerification" name="verify" time="12.809"/>
  <system-out>
    <![CDATA[Verify]]>
  </system-out>
  <testcase classname="Kohler.priceVerification" name="pv">
    <skipped/>
  </testcase> <!-- pv -->
  <system-out/>
</testsuite> <!-- Kohler.priceVerification -->
