<?xml version="1.0" encoding="UTF-8"?>
<!-- Generated by org.testng.reporters.JUnitReportReporter -->
<testsuite hostname="RSTPL059-PC" failures="0" tests="2" name="Kohler.priceVerification" time="117.475" errors="0" timestamp="2022-08-04T15:01:07 IST" skipped="0">
  <testcase classname="Kohler.priceVerification" name="verify" time="21.346"/>
  <system-out/>
  <testcase classname="Kohler.priceVerification" name="Price" time="96.129"/>
  <system-out/>
</testsuite> <!-- Kohler.priceVerification -->
