<?xml version="1.0" encoding="UTF-8"?>
<!-- Generated by org.testng.reporters.JUnitReportReporter -->
<testsuite hostname="RSTPL059-PC" failures="0" tests="2" name="Kohler.priceVerification" time="328.090" errors="0" timestamp="2022-09-23T14:23:13 IST" skipped="0">
  <testcase classname="Kohler.priceVerification" name="pv" time="317.224"/>
  <system-out>
    <![CDATA[Price Verify]]>
  </system-out>
  <testcase classname="Kohler.priceVerification" name="verify" time="10.866"/>
  <system-out>
    <![CDATA[Verify]]>
  </system-out>
</testsuite> <!-- Kohler.priceVerification -->
