<?xml version="1.0" encoding="UTF-8"?>
<!-- Generated by org.testng.reporters.JUnitReportReporter -->
<testsuite hostname="RSTPL059-PC" failures="0" tests="1" name="Kohler.LinksCrawl" time="35.954" errors="0" timestamp="2022-09-22T14:05:52 IST" skipped="0">
  <testcase classname="Kohler.LinksCrawl" name="a" time="35.954"/>
  <system-out/>
</testsuite> <!-- Kohler.LinksCrawl -->
