<?xml version="1.0" encoding="UTF-8"?>
<!-- Generated by org.testng.reporters.JUnitReportReporter -->
<testsuite hostname="RSTPL059-PC" failures="0" tests="1" name="Kohler.LinksCrawl" time="27.329" errors="0" timestamp="2023-05-24T11:32:52 IST" skipped="0">
  <testcase classname="Kohler.LinksCrawl" name="a" time="27.329"/>
  <system-out/>
</testsuite> <!-- Kohler.LinksCrawl -->
