<?xml version="1.0" encoding="UTF-8"?>
<!-- Generated by org.testng.reporters.JUnitReportReporter -->
<testsuite hostname="RSTPL059-PC" failures="0" tests="1" name="TestNG1.Remo" time="0.010" errors="0" timestamp="2022-07-08T15:57:42 IST" skipped="0">
  <testcase classname="TestNG1.Remo" name="gun" time="0.010"/>
  <system-out>
    <![CDATA[Remo]]>
  </system-out>
</testsuite> <!-- TestNG1.Remo -->
