<?xml version="1.0" encoding="UTF-8"?>
<!-- Generated by org.testng.reporters.JUnitReportReporter -->
<testsuite hostname="RSTPL059-PC" failures="0" tests="1" name="Kohler.priceVerification" time="155.931" errors="0" timestamp="2022-09-23T19:15:05 IST" skipped="0">
  <testcase classname="Kohler.priceVerification" name="pv" time="155.931"/>
  <system-out/>
</testsuite> <!-- Kohler.priceVerification -->
