<?xml version="1.0" encoding="UTF-8"?>
<!-- Generated by org.testng.reporters.JUnitReportReporter -->
<testsuite hostname="RSTPL059-PC" failures="0" tests="1" name="Kohler.LinksCrawl" time="20.098" errors="0" timestamp="2022-10-13T11:23:43 IST" skipped="0">
  <testcase classname="Kohler.LinksCrawl" name="a" time="20.098"/>
  <system-out/>
</testsuite> <!-- Kohler.LinksCrawl -->
