<?xml version="1.0" encoding="UTF-8"?>
<!-- Generated by org.testng.reporters.JUnitReportReporter -->
<testsuite hostname="RSTPL059-PC" failures="0" tests="2" name="Kohler.Dummycost" time="127.763" errors="0" timestamp="2022-08-01T11:42:53 IST" skipped="0">
  <testcase classname="Kohler.Dummycost" name="verify" time="5.616"/>
  <system-out/>
  <testcase classname="Kohler.Dummycost" name="Price" time="122.147"/>
  <system-out/>
</testsuite> <!-- Kohler.Dummycost -->
