<?xml version="1.0" encoding="UTF-8"?>
<!-- Generated by org.testng.reporters.JUnitReportReporter -->
<testsuite hostname="RSTPL059-PC" failures="0" tests="2" name="Kohler.priceVerification" time="86.973" errors="0" timestamp="2022-08-03T12:46:25 IST" skipped="0">
  <testcase classname="Kohler.priceVerification" name="verify" time="10.425"/>
  <system-out/>
  <testcase classname="Kohler.priceVerification" name="Price" time="76.548"/>
  <system-out/>
</testsuite> <!-- Kohler.priceVerification -->
