<?xml version="1.0" encoding="UTF-8"?>
<!-- Generated by org.testng.reporters.JUnitReportReporter -->
<testsuite hostname="RSTPL059-PC" failures="0" tests="3" name="Kohler.Flags" time="0.009" errors="0" timestamp="2022-09-07T12:56:35 IST" skipped="0">
  <testcase classname="Kohler.Flags" name="cost" time="0.007"/>
  <system-out>
    <![CDATA[Run]]>
  </system-out>
  <testcase classname="Kohler.Flags" name="bun" time="0.002"/>
  <system-out>
    <![CDATA[Bun]]>
  </system-out>
  <testcase classname="Kohler.Flags" name="gun" time="0.000"/>
  <system-out>
    <![CDATA[Gun]]>
  </system-out>
</testsuite> <!-- Kohler.Flags -->
